<?xml version="1.0" encoding="UTF-8"?>
<!-- Generated by org.testng.reporters.JUnitReportReporter -->
<testsuite hostname="Dell-PC" name="SampleTest.SampleTest.SauceLatTest" tests="1" failures="0" timestamp="17 May 2019 17:05:58 GMT" time="0.167" errors="0">
  <testcase name="test01_getPageHeader" time="0.167" classname="SampleTest.SampleTest.SauceLatTest"/>
</testsuite> <!-- SampleTest.SampleTest.SauceLatTest -->
