<?xml version="1.0" encoding="UTF-8"?>
<!-- Generated by org.testng.reporters.JUnitReportReporter -->
<testsuite hostname="Dell-PC" name="SampleTest.SampleTest.SauceLabTest" tests="1" failures="0" timestamp="20 May 2019 10:30:09 GMT" time="25.077" errors="0">
  <testcase name="test01_getPageHeader" time="25.077" classname="SampleTest.SampleTest.SauceLabTest"/>
</testsuite> <!-- SampleTest.SampleTest.SauceLabTest -->
